0 info it worked if it ends with ok
1 verbose cli [ '/home/ubuntu/.nvm/versions/node/v6.9.1/bin/node',
1 verbose cli   '/home/ubuntu/.nvm/versions/node/v6.9.1/bin/npm',
1 verbose cli   'run',
1 verbose cli   'deploy' ]
2 info using npm@3.10.8
3 info using node@v6.9.1
4 verbose run-script [ 'predeploy', 'deploy', 'postdeploy' ]
5 info lifecycle sup@0.1.0~predeploy: sup@0.1.0
6 silly lifecycle sup@0.1.0~predeploy: no script for predeploy, continuing
7 info lifecycle sup@0.1.0~deploy: sup@0.1.0
8 verbose lifecycle sup@0.1.0~deploy: unsafe-perm in lifecycle true
9 verbose lifecycle sup@0.1.0~deploy: PATH: /home/ubuntu/.nvm/versions/node/v6.9.1/lib/node_modules/npm/bin/node-gyp-bin:/home/ubuntu/sup/node_modules/.bin:/home/ubuntu/.nvm/versions/node/v6.9.1/bin:/usr/local/rvm/gems/ruby-2.3.0/bin:/usr/local/rvm/gems/ruby-2.3.0@global/bin:/usr/local/rvm/rubies/ruby-2.3.0/bin:/mnt/shared/bin:/home/ubuntu/workspace/node_modules/.bin:/home/ubuntu/bin:/usr/local/sbin:/usr/local/bin:/usr/sbin:/usr/bin:/sbin:/bin:/mnt/shared/sbin:/opt/gitl:/opt/go/bin:/mnt/shared/c9/app.nw/bin:/usr/local/rvm/bin
10 verbose lifecycle sup@0.1.0~deploy: CWD: /home/ubuntu/sup
11 silly lifecycle sup@0.1.0~deploy: Args: [ '-c', 'gh-pages -d build' ]
12 silly lifecycle sup@0.1.0~deploy: Returned: code: 1  signal: null
13 info lifecycle sup@0.1.0~deploy: Failed to exec deploy script
14 verbose stack Error: sup@0.1.0 deploy: `gh-pages -d build`
14 verbose stack Exit status 1
14 verbose stack     at EventEmitter.<anonymous> (/home/ubuntu/.nvm/versions/node/v6.9.1/lib/node_modules/npm/lib/utils/lifecycle.js:255:16)
14 verbose stack     at emitTwo (events.js:106:13)
14 verbose stack     at EventEmitter.emit (events.js:191:7)
14 verbose stack     at ChildProcess.<anonymous> (/home/ubuntu/.nvm/versions/node/v6.9.1/lib/node_modules/npm/lib/utils/spawn.js:40:14)
14 verbose stack     at emitTwo (events.js:106:13)
14 verbose stack     at ChildProcess.emit (events.js:191:7)
14 verbose stack     at maybeClose (internal/child_process.js:877:16)
14 verbose stack     at Process.ChildProcess._handle.onexit (internal/child_process.js:226:5)
15 verbose pkgid sup@0.1.0
16 verbose cwd /home/ubuntu/sup/build
17 error Linux 4.2.0-c9
18 error argv "/home/ubuntu/.nvm/versions/node/v6.9.1/bin/node" "/home/ubuntu/.nvm/versions/node/v6.9.1/bin/npm" "run" "deploy"
19 error node v6.9.1
20 error npm  v3.10.8
21 error code ELIFECYCLE
22 error sup@0.1.0 deploy: `gh-pages -d build`
22 error Exit status 1
23 error Failed at the sup@0.1.0 deploy script 'gh-pages -d build'.
23 error Make sure you have the latest version of node.js and npm installed.
23 error If you do, this is most likely a problem with the sup package,
23 error not with npm itself.
23 error Tell the author that this fails on your system:
23 error     gh-pages -d build
23 error You can get information on how to open an issue for this project with:
23 error     npm bugs sup
23 error Or if that isn't available, you can get their info via:
23 error     npm owner ls sup
23 error There is likely additional logging output above.
24 verbose exit [ 1, true ]
